<?xml version="1.0" encoding="UTF-8"?>
<testsuite xmlns:xsi="http://www.w3.org/2001/XMLSchema-instance" xsi:noNamespaceSchemaLocation="https://maven.apache.org/surefire/maven-surefire-plugin/xsd/surefire-test-report.xsd" name="org.example.AppTest" time="0.035" tests="1" errors="0" skipped="0" failures="0">
  <properties>
    <property name="sun.desktop" value="windows"/>
    <property name="awt.toolkit" value="sun.awt.windows.WToolkit"/>
    <property name="file.encoding.pkg" value="sun.io"/>
    <property name="java.specification.version" value="1.8"/>
    <property name="sun.cpu.isalist" value="amd64"/>
    <property name="sun.jnu.encoding" value="Cp1250"/>
    <property name="java.class.path" value="D:\Java_Mentoring\NoSql\Cassandra\target\test-classes;D:\Java_Mentoring\NoSql\Cassandra\target\classes;C:\Users\Dmytro_Kachailo\.m2\repository\junit\junit\4.11\junit-4.11.jar;C:\Users\Dmytro_Kachailo\.m2\repository\org\hamcrest\hamcrest-core\1.3\hamcrest-core-1.3.jar;"/>
    <property name="java.vm.vendor" value="Amazon.com Inc."/>
    <property name="sun.arch.data.model" value="64"/>
    <property name="user.variant" value=""/>
    <property name="java.vendor.url" value="https://aws.amazon.com/corretto/"/>
    <property name="user.timezone" value="Europe/Belgrade"/>
    <property name="user.country.format" value="PL"/>
    <property name="java.vm.specification.version" value="1.8"/>
    <property name="os.name" value="Windows 10"/>
    <property name="user.country" value="US"/>
    <property name="sun.java.launcher" value="SUN_STANDARD"/>
    <property name="sun.boot.library.path" value="C:\Users\Dmytro_Kachailo\.jdks\corretto-1.8.0_302\jre\bin"/>
    <property name="sun.java.command" value="C:\Users\DMYTRO~1\AppData\Local\Temp\surefire3933944425899434467\surefirebooter3347637092320972525.jar C:\Users\Dmytro_Kachailo\AppData\Local\Temp\surefire3933944425899434467 2021-10-28T23-55-14_557-jvmRun1 surefire7433499276634186105tmp surefire_03953947732286236128tmp"/>
    <property name="surefire.test.class.path" value="D:\Java_Mentoring\NoSql\Cassandra\target\test-classes;D:\Java_Mentoring\NoSql\Cassandra\target\classes;C:\Users\Dmytro_Kachailo\.m2\repository\junit\junit\4.11\junit-4.11.jar;C:\Users\Dmytro_Kachailo\.m2\repository\org\hamcrest\hamcrest-core\1.3\hamcrest-core-1.3.jar;"/>
    <property name="sun.cpu.endian" value="little"/>
    <property name="user.home" value="C:\Users\Dmytro_Kachailo"/>
    <property name="user.language" value="en"/>
    <property name="java.specification.vendor" value="Oracle Corporation"/>
    <property name="java.home" value="C:\Users\Dmytro_Kachailo\.jdks\corretto-1.8.0_302\jre"/>
    <property name="basedir" value="D:\Java_Mentoring\NoSql\Cassandra"/>
    <property name="file.separator" value="\"/>
    <property name="line.separator" value="&#10;"/>
    <property name="java.vm.specification.vendor" value="Oracle Corporation"/>
    <property name="java.specification.name" value="Java Platform API Specification"/>
    <property name="java.awt.graphicsenv" value="sun.awt.Win32GraphicsEnvironment"/>
    <property name="surefire.real.class.path" value="C:\Users\DMYTRO~1\AppData\Local\Temp\surefire3933944425899434467\surefirebooter3347637092320972525.jar"/>
    <property name="sun.boot.class.path" value="C:\Users\Dmytro_Kachailo\.jdks\corretto-1.8.0_302\jre\lib\resources.jar;C:\Users\Dmytro_Kachailo\.jdks\corretto-1.8.0_302\jre\lib\rt.jar;C:\Users\Dmytro_Kachailo\.jdks\corretto-1.8.0_302\jre\lib\sunrsasign.jar;C:\Users\Dmytro_Kachailo\.jdks\corretto-1.8.0_302\jre\lib\jsse.jar;C:\Users\Dmytro_Kachailo\.jdks\corretto-1.8.0_302\jre\lib\jce.jar;C:\Users\Dmytro_Kachailo\.jdks\corretto-1.8.0_302\jre\lib\charsets.jar;C:\Users\Dmytro_Kachailo\.jdks\corretto-1.8.0_302\jre\lib\jfr.jar;C:\Users\Dmytro_Kachailo\.jdks\corretto-1.8.0_302\jre\classes"/>
    <property name="user.script" value=""/>
    <property name="sun.management.compiler" value="HotSpot 64-Bit Tiered Compilers"/>
    <property name="java.runtime.version" value="1.8.0_302-b08"/>
    <property name="user.name" value="Dmytro_Kachailo"/>
    <property name="path.separator" value=";"/>
    <property name="os.version" value="10.0"/>
    <property name="java.endorsed.dirs" value="C:\Users\Dmytro_Kachailo\.jdks\corretto-1.8.0_302\jre\lib\endorsed"/>
    <property name="java.runtime.name" value="OpenJDK Runtime Environment"/>
    <property name="file.encoding" value="Cp1250"/>
    <property name="java.vm.name" value="OpenJDK 64-Bit Server VM"/>
    <property name="localRepository" value="C:\Users\Dmytro_Kachailo\.m2\repository"/>
    <property name="java.vendor.url.bug" value="https://github.com/corretto/corretto-8/issues/"/>
    <property name="java.io.tmpdir" value="C:\Users\DMYTRO~1\AppData\Local\Temp\"/>
    <property name="idea.version" value="2021.2.3"/>
    <property name="java.version" value="1.8.0_302"/>
    <property name="user.dir" value="D:\Java_Mentoring\NoSql\Cassandra"/>
    <property name="os.arch" value="amd64"/>
    <property name="java.vm.specification.name" value="Java Virtual Machine Specification"/>
    <property name="java.awt.printerjob" value="sun.awt.windows.WPrinterJob"/>
    <property name="user.language.format" value="pl"/>
    <property name="sun.os.patch.level" value=""/>
    <property name="java.library.path" value="C:\Users\Dmytro_Kachailo\.jdks\corretto-1.8.0_302\jre\bin;C:\WINDOWS\Sun\Java\bin;C:\WINDOWS\system32;C:\WINDOWS;C:\WINDOWS\system32;C:\WINDOWS;C:\WINDOWS\System32\Wbem;C:\WINDOWS\System32\WindowsPowerShell\v1.0\;C:\WINDOWS\System32\OpenSSH\;D:\installed\apache-maven-3.8.1\bin;D:\installed\gradle-7.1.1\bin;D:\installed\Git\cmd;D:\installed\apache-cassandra-3.11.11\bin;D:\installed\Python27;C:\Program Files\Java\jre1.8.0_301\bin;."/>
    <property name="java.vm.info" value="mixed mode"/>
    <property name="java.vendor" value="Amazon.com Inc."/>
    <property name="java.vm.version" value="25.302-b08"/>
    <property name="java.ext.dirs" value="C:\Users\Dmytro_Kachailo\.jdks\corretto-1.8.0_302\jre\lib\ext;C:\WINDOWS\Sun\Java\lib\ext"/>
    <property name="sun.io.unicode.encoding" value="UnicodeLittle"/>
    <property name="java.class.version" value="52.0"/>
  </properties>
  <testcase name="shouldAnswerWithTrue" classname="org.example.AppTest" time="0.002"/>
</testsuite>